<?xml version="1.0" encoding="UTF-8"?>
<!-- Generated by org.testng.reporters.JUnitReportReporter -->
<testsuite hostname="srinivas" name="com.Orangehrms.Welcome" tests="1" failures="0" timestamp="5 Nov 2016 12:08:12 GMT" time="2.380" errors="0">
  <testcase name="googlehome" time="2.380" classname="com.Orangehrms.Welcome"/>
</testsuite> <!-- com.Orangehrms.Welcome -->
